# JRE version: OpenJDK Runtime Environment (8.0_152-b01) (build 1.8.0_152-release-1343-b01)
# Java VM: OpenJDK 64-Bit Server VM (25.152-b01 mixed mode windows-amd64 compressed oops)
Heap:
 PSYoungGen      total 205824K, used 51922K [0x00000000e0000000, 0x00000000f0600000, 0x0000000100000000)
  eden space 150016K, 5% used [0x00000000e0000000,0x00000000e08517f8,0x00000000e9280000)
  from space 55808K, 77% used [0x00000000e9280000,0x00000000ebce3328,0x00000000ec900000)
  to   space 49152K, 0% used [0x00000000ec900000,0x00000000ec900000,0x00000000ef900000)
 ParOldGen       total 183808K, used 62689K [0x00000000a0000000, 0x00000000ab380000, 0x00000000e0000000)
  object space 183808K, 34% used [0x00000000a0000000,0x00000000a3d385a0,0x00000000ab380000)
 Metaspace       used 129497K, capacity 138946K, committed 139032K, reserved 1171456K
  class space    used 16509K, capacity 17956K, committed 17960K, reserved 1048576K
GC Heap History (10 events):
Event: 6472.262 GC heap before
{Heap before GC invocations=52 (full 4):
 PSYoungGen      total 171520K, used 165261K [0x00000000e0000000, 0x00000000ece00000, 0x0000000100000000)
  eden space 143872K, 100% used [0x00000000e0000000,0x00000000e8c80000,0x00000000e8c80000)
  from space 27648K, 77% used [0x00000000e8c80000,0x00000000ea1636e0,0x00000000ea780000)
  to   space 29696K, 0% used [0x00000000eb100000,0x00000000eb100000,0x00000000ece00000)
 ParOldGen       total 183808K, used 58753K [0x00000000a0000000, 0x00000000ab380000, 0x00000000e0000000)
  object space 183808K, 31% used [0x00000000a0000000,0x00000000a39607a8,0x00000000ab380000)
 Metaspace       used 113906K, capacity 120774K, committed 121112K, reserved 1155072K
  class space    used 14443K, capacity 15563K, committed 15656K, reserved 1048576K
Event: 6472.284 GC heap after
Heap after GC invocations=52 (full 4):
 PSYoungGen      total 179200K, used 21894K [0x00000000e0000000, 0x00000000ed100000, 0x0000000100000000)
  eden space 149504K, 0% used [0x00000000e0000000,0x00000000e0000000,0x00000000e9200000)
  from space 29696K, 73% used [0x00000000eb100000,0x00000000ec661978,0x00000000ece00000)
  to   space 31744K, 0% used [0x00000000e9200000,0x00000000e9200000,0x00000000eb100000)
 ParOldGen       total 183808K, used 58761K [0x00000000a0000000, 0x00000000ab380000, 0x00000000e0000000)
  object space 183808K, 31% used [0x00000000a0000000,0x00000000a39627a8,0x00000000ab380000)
 Metaspace       used 113906K, capacity 120774K, committed 121112K, reserved 1155072K
  class space    used 14443K, capacity 15563K, committed 15656K, reserved 1048576K
}
Event: 6477.240 GC heap before
{Heap before GC invocations=53 (full 4):
 PSYoungGen      total 179200K, used 171398K [0x00000000e0000000, 0x00000000ed100000, 0x0000000100000000)
  eden space 149504K, 100% used [0x00000000e0000000,0x00000000e9200000,0x00000000e9200000)
  from space 29696K, 73% used [0x00000000eb100000,0x00000000ec661978,0x00000000ece00000)
  to   space 31744K, 0% used [0x00000000e9200000,0x00000000e9200000,0x00000000eb100000)
 ParOldGen       total 183808K, used 58761K [0x00000000a0000000, 0x00000000ab380000, 0x00000000e0000000)
  object space 183808K, 31% used [0x00000000a0000000,0x00000000a39627a8,0x00000000ab380000)
 Metaspace       used 115081K, capacity 121936K, committed 122264K, reserved 1155072K
  class space    used 14564K, capacity 15672K, committed 15784K, reserved 1048576K
Event: 6477.273 GC heap after
Heap after GC invocations=53 (full 4):
 PSYoungGen      total 181248K, used 31739K [0x00000000e0000000, 0x00000000ee300000, 0x0000000100000000)
  eden space 149504K, 0% used [0x00000000e0000000,0x00000000e0000000,0x00000000e9200000)
  from space 31744K, 99% used [0x00000000e9200000,0x00000000eb0fedc0,0x00000000eb100000)
  to   space 37888K, 0% used [0x00000000ebe00000,0x00000000ebe00000,0x00000000ee300000)
 ParOldGen       total 183808K, used 61844K [0x00000000a0000000, 0x00000000ab380000, 0x00000000e0000000)
  object space 183808K, 33% used [0x00000000a0000000,0x00000000a3c65340,0x00000000ab380000)
 Metaspace       used 115081K, capacity 121936K, committed 122264K, reserved 1155072K
  class space    used 14564K, capacity 15672K, committed 15784K, reserved 1048576K
}
Event: 6489.265 GC heap before
{Heap before GC invocations=54 (full 4):
 PSYoungGen      total 181248K, used 181243K [0x00000000e0000000, 0x00000000ee300000, 0x0000000100000000)
  eden space 149504K, 100% used [0x00000000e0000000,0x00000000e9200000,0x00000000e9200000)
  from space 31744K, 99% used [0x00000000e9200000,0x00000000eb0fedc0,0x00000000eb100000)
  to   space 37888K, 0% used [0x00000000ebe00000,0x00000000ebe00000,0x00000000ee300000)
 ParOldGen       total 183808K, used 61844K [0x00000000a0000000, 0x00000000ab380000, 0x00000000e0000000)
  object space 183808K, 33% used [0x00000000a0000000,0x00000000a3c65340,0x00000000ab380000)
 Metaspace       used 116799K, capacity 123758K, committed 123928K, reserved 1157120K
  class space    used 14766K, capacity 15885K, committed 15912K, reserved 1048576K
Event: 6489.353 GC heap after
Heap after GC invocations=54 (full 4):
 PSYoungGen      total 187904K, used 37856K [0x00000000e0000000, 0x00000000ef080000, 0x0000000100000000)
  eden space 150016K, 0% used [0x00000000e0000000,0x00000000e0000000,0x00000000e9280000)
  from space 37888K, 99% used [0x00000000ebe00000,0x00000000ee2f83f0,0x00000000ee300000)
  to   space 44544K, 0% used [0x00000000e9280000,0x00000000e9280000,0x00000000ebe00000)
 ParOldGen       total 183808K, used 62665K [0x00000000a0000000, 0x00000000ab380000, 0x00000000e0000000)
  object space 183808K, 34% used [0x00000000a0000000,0x00000000a3d325a0,0x00000000ab380000)
 Metaspace       used 116799K, capacity 123758K, committed 123928K, reserved 1157120K
  class space    used 14766K, capacity 15885K, committed 15912K, reserved 1048576K
}
Event: 6495.398 GC heap before
{Heap before GC invocations=55 (full 4):
 PSYoungGen      total 187904K, used 187872K [0x00000000e0000000, 0x00000000ef080000, 0x0000000100000000)
  eden space 150016K, 100% used [0x00000000e0000000,0x00000000e9280000,0x00000000e9280000)
  from space 37888K, 99% used [0x00000000ebe00000,0x00000000ee2f83f0,0x00000000ee300000)
  to   space 44544K, 0% used [0x00000000e9280000,0x00000000e9280000,0x00000000ebe00000)
 ParOldGen       total 183808K, used 62665K [0x00000000a0000000, 0x00000000ab380000, 0x00000000e0000000)
  object space 183808K, 34% used [0x00000000a0000000,0x00000000a3d325a0,0x00000000ab380000)
 Metaspace       used 118807K, capacity 126120K, committed 126360K, reserved 1159168K
  class space    used 15060K, capacity 16226K, committed 16296K, reserved 1048576K
Event: 6495.418 GC heap after
Heap after GC invocations=55 (full 4):
 PSYoungGen      total 194560K, used 37500K [0x00000000e0000000, 0x00000000ef900000, 0x0000000100000000)
  eden space 150016K, 0% used [0x00000000e0000000,0x00000000e0000000,0x00000000e9280000)
  from space 44544K, 84% used [0x00000000e9280000,0x00000000eb71f2a8,0x00000000ebe00000)
  to   space 49152K, 0% used [0x00000000ec900000,0x00000000ec900000,0x00000000ef900000)
 ParOldGen       total 183808K, used 62673K [0x00000000a0000000, 0x00000000ab380000, 0x00000000e0000000)
  object space 183808K, 34% used [0x00000000a0000000,0x00000000a3d345a0,0x00000000ab380000)
 Metaspace       used 118807K, capacity 126120K, committed 126360K, reserved 1159168K
  class space    used 15060K, capacity 16226K, committed 16296K, reserved 1048576K
}
Event: 6501.265 GC heap before
{Heap before GC invocations=56 (full 4):
 PSYoungGen      total 194560K, used 187516K [0x00000000e0000000, 0x00000000ef900000, 0x0000000100000000)
  eden space 150016K, 100% used [0x00000000e0000000,0x00000000e9280000,0x00000000e9280000)
  from space 44544K, 84% used [0x00000000e9280000,0x00000000eb71f2a8,0x00000000ebe00000)
  to   space 49152K, 0% used [0x00000000ec900000,0x00000000ec900000,0x00000000ef900000)
 ParOldGen       total 183808K, used 62673K [0x00000000a0000000, 0x00000000ab380000, 0x00000000e0000000)
  object space 183808K, 34% used [0x00000000a0000000,0x00000000a3d345a0,0x00000000ab380000)
 Metaspace       used 127588K, capacity 136922K, committed 137112K, reserved 1169408K
  class space    used 16336K, capacity 17760K, committed 17832K, reserved 1048576K
Event: 6501.292 GC heap after
Heap after GC invocations=56 (full 4):
 PSYoungGen      total 199168K, used 45464K [0x00000000e0000000, 0x00000000f0600000, 0x0000000100000000)
  eden space 150016K, 0% used [0x00000000e0000000,0x00000000e0000000,0x00000000e9280000)
  from space 49152K, 92% used [0x00000000ec900000,0x00000000ef566228,0x00000000ef900000)
  to   space 55808K, 0% used [0x00000000e9280000,0x00000000e9280000,0x00000000ec900000)
 ParOldGen       total 183808K, used 62681K [0x00000000a0000000, 0x00000000ab380000, 0x00000000e0000000)
  object space 183808K, 34% used [0x00000000a0000000,0x00000000a3d365a0,0x00000000ab380000)
 Metaspace       used 127588K, capacity 136922K, committed 137112K, reserved 1169408K
  class space    used 16336K, capacity 17760K, committed 17832K, reserved 1048576K
}

